<?xml version="1.0" encoding="UTF-8"?>
<!-- Generated by org.testng.reporters.JUnitXMLReporter -->
<testsuite ignored="11" hostname="VINOTHBALA" failures="1" tests="1" name="Regression" time="21.141" errors="0" timestamp="2023-02-23T23:09:37 IST">
  <testcase classname="com.aiite.pageexecution.CitiBankOffersExecution" name="closePopup" time="2.396">
    <failure type="org.openqa.selenium.ElementClickInterceptedException" message="element click intercepted: Element &amp;lt;a class=&amp;quot;applyredbutton&amp;quot; href=&amp;quot;/credit-card/referral/new/mgm-referral.htm?section=MGM&amp;amp;amp;campaignCode=CardNTB1&amp;amp;amp;eOfferCode=SideApp&amp;quot; target=&amp;quot;_blank&amp;quot; title=&amp;quot;...&amp;quot;&amp;gt;NO&amp;lt;/a&amp;gt; is not clickable at point (1403, 132). Other element would receive the click: &amp;lt;li data-ctaname=&amp;quot;Offers&amp;quot; data-ctatype=&amp;quot;Button&amp;quot; data-ctaposition=&amp;quot;Middle&amp;quot; class=&amp;quot;specialoffer citigold-list applycolorlist&amp;quot; id=&amp;quot;citigoldlist&amp;quot; title=&amp;quot;Offers&amp;quot;&amp;gt;...&amp;lt;/li&amp;gt;
  (Session info: MicrosoftEdge=110.0.1587.50)
Build info: version: &amp;apos;3.141.59&amp;apos;, revision: &amp;apos;e82be7d358&amp;apos;, time: &amp;apos;2018-11-14T08:17:03&amp;apos;
System info: host: &amp;apos;VINOTHBALA&amp;apos;, ip: &amp;apos;192.168.109.112&amp;apos;, os.name: &amp;apos;Windows 10&amp;apos;, os.arch: &amp;apos;amd64&amp;apos;, os.version: &amp;apos;10.0&amp;apos;, java.version: &amp;apos;19.0.2&amp;apos;
Driver info: org.openqa.selenium.edge.EdgeDriver
Capabilities {acceptInsecureCerts: false, browserName: msedge, browserVersion: 110.0.1587.50, javascriptEnabled: true, ms:edgeOptions: {debuggerAddress: localhost:56832}, msedge: {msedgedriverVersion: 110.0.1587.50 (05bf83b2e806..., userDataDir: C:\Users\VINOTH\AppData\Loc...}, networkConnectionEnabled: false, pageLoadStrategy: normal, platform: WINDOWS, platformName: WINDOWS, proxy: Proxy(), setWindowRect: true, strictFileInteractability: false, timeouts: {implicit: 0, pageLoad: 300000, script: 30000}, unhandledPromptBehavior: dismiss and notify, webauthn:extension:credBlob: true, webauthn:extension:largeBlob: true, webauthn:virtualAuthenticators: true}
Session ID: 56180d864ef77dae422565bdde506c70">
      <![CDATA[org.openqa.selenium.ElementClickInterceptedException: element click intercepted: Element <a class="applyredbutton" href="/credit-card/referral/new/mgm-referral.htm?section=MGM&amp;campaignCode=CardNTB1&amp;eOfferCode=SideApp" target="_blank" title="...">NO</a> is not clickable at point (1403, 132). Other element would receive the click: <li data-ctaname="Offers" data-ctatype="Button" data-ctaposition="Middle" class="specialoffer citigold-list applycolorlist" id="citigoldlist" title="Offers">...</li>
  (Session info: MicrosoftEdge=110.0.1587.50)
Build info: version: '3.141.59', revision: 'e82be7d358', time: '2018-11-14T08:17:03'
System info: host: 'VINOTHBALA', ip: '192.168.109.112', os.name: 'Windows 10', os.arch: 'amd64', os.version: '10.0', java.version: '19.0.2'
Driver info: org.openqa.selenium.edge.EdgeDriver
Capabilities {acceptInsecureCerts: false, browserName: msedge, browserVersion: 110.0.1587.50, javascriptEnabled: true, ms:edgeOptions: {debuggerAddress: localhost:56832}, msedge: {msedgedriverVersion: 110.0.1587.50 (05bf83b2e806..., userDataDir: C:\Users\VINOTH\AppData\Loc...}, networkConnectionEnabled: false, pageLoadStrategy: normal, platform: WINDOWS, platformName: WINDOWS, proxy: Proxy(), setWindowRect: true, strictFileInteractability: false, timeouts: {implicit: 0, pageLoad: 300000, script: 30000}, unhandledPromptBehavior: dismiss and notify, webauthn:extension:credBlob: true, webauthn:extension:largeBlob: true, webauthn:virtualAuthenticators: true}
Session ID: 56180d864ef77dae422565bdde506c70
at org.openqa.selenium.remote.http.W3CHttpResponseCodec.createException(W3CHttpResponseCodec.java:187)
at org.openqa.selenium.remote.http.W3CHttpResponseCodec.decode(W3CHttpResponseCodec.java:122)
at org.openqa.selenium.remote.http.W3CHttpResponseCodec.decode(W3CHttpResponseCodec.java:49)
at org.openqa.selenium.remote.HttpCommandExecutor.execute(HttpCommandExecutor.java:158)
at org.openqa.selenium.remote.service.DriverCommandExecutor.execute(DriverCommandExecutor.java:83)
at org.openqa.selenium.remote.RemoteWebDriver.execute(RemoteWebDriver.java:552)
at org.openqa.selenium.remote.RemoteWebElement.execute(RemoteWebElement.java:285)
at org.openqa.selenium.remote.RemoteWebElement.click(RemoteWebElement.java:84)
at org.openqa.selenium.support.pagefactory.internal.LocatingElementHandler.invoke(LocatingElementHandler.java:51)
at jdk.proxy2/jdk.proxy2.$Proxy17.click(Unknown Source)
at com.aiite.pageexecution.CitiBankOffersExecution.closePopup(CitiBankOffersExecution.java:49)
at java.base/java.util.concurrent.ThreadPoolExecutor.runWorker(ThreadPoolExecutor.java:1144)
at java.base/java.util.concurrent.ThreadPoolExecutor$Worker.run(ThreadPoolExecutor.java:642)
at java.base/java.lang.Thread.run(Thread.java:1589)
... Removed 15 stack frames]]>
    </failure>
  </testcase> <!-- closePopup -->
  <testcase classname="com.aiite.pageexecution.AdactinHotelBookingExecution" name="searchHotel" time="0.0">
    <ignored/>
  </testcase> <!-- searchHotel -->
  <testcase classname="com.aiite.pageexecution.AdactinHotelBookingExecution" name="selectHotel" time="0.0">
    <ignored/>
  </testcase> <!-- selectHotel -->
  <testcase classname="com.aiite.pageexecution.AmazonHomePageExecution" name="giftCard" time="0.0">
    <ignored/>
  </testcase> <!-- giftCard -->
  <testcase classname="com.aiite.pageexecution.FacebookLoginPageExecution" name="facebookLoginMethod" time="0.0">
    <ignored/>
  </testcase> <!-- facebookLoginMethod -->
  <testcase classname="com.aiite.pageexecution.FacebookLoginPageExecution" name="featuresMethod" time="0.0">
    <ignored/>
  </testcase> <!-- featuresMethod -->
  <testcase classname="com.aiite.pageexecution.AmazonHomePageExecution" name="amazonCart" time="0.0">
    <ignored/>
  </testcase> <!-- amazonCart -->
  <testcase classname="com.aiite.pageexecution.FacebookLoginPageExecution" name="MsngrLoginMethod" time="0.0">
    <ignored/>
  </testcase> <!-- MsngrLoginMethod -->
  <testcase classname="com.aiite.pageexecution.AmazonHomePageExecution" name="validLoginDetails" time="0.0">
    <ignored/>
  </testcase> <!-- validLoginDetails -->
  <testcase classname="com.aiite.pageexecution.AmazonHomePageExecution" name="todayDeals" time="0.0">
    <ignored/>
  </testcase> <!-- todayDeals -->
  <testcase classname="com.aiite.pageexecution.AdactinHotelBookingExecution" name="hotelBooking" time="0.0">
    <ignored/>
  </testcase> <!-- hotelBooking -->
  <testcase classname="com.aiite.pageexecution.AdactinHotelBookingExecution" name="hotelLogin" time="0.0">
    <ignored/>
  </testcase> <!-- hotelLogin -->
</testsuite> <!-- Regression -->
