<?xml version="1.0" encoding="UTF-8"?>
<testng-results ignored="2" total="16" passed="5" failed="3" skipped="6">
  <reporter-output>
  </reporter-output>
  <suite started-at="2023-02-24T20:28:59 IST" name="MySuite" finished-at="2023-02-24T20:33:19 IST" duration-ms="260076">
    <groups>
      <group name="Sanity">
        <method signature="AdactinHotelBookingExecution.hotelLogin()[pri:0, instance:com.aiite.pageexecution.AdactinHotelBookingExecution@3a44431a]" name="hotelLogin" class="com.aiite.pageexecution.AdactinHotelBookingExecution"/>
        <method signature="AdactinHotelBookingExecution.hotelBooking()[pri:0, instance:com.aiite.pageexecution.AdactinHotelBookingExecution@3a44431a]" name="hotelBooking" class="com.aiite.pageexecution.AdactinHotelBookingExecution"/>
        <method signature="AmazonHomePageExecution.amazonCart()[pri:2, instance:com.aiite.pageexecution.AmazonHomePageExecution@593aaf41]" name="amazonCart" class="com.aiite.pageexecution.AmazonHomePageExecution"/>
        <method signature="AmazonHomePageExecution.giftCard()[pri:1, instance:com.aiite.pageexecution.AmazonHomePageExecution@593aaf41]" name="giftCard" class="com.aiite.pageexecution.AmazonHomePageExecution"/>
        <method signature="FacebookLoginPageExecution.MsngrLoginMethod()[pri:-1, instance:com.aiite.pageexecution.FacebookLoginPageExecution@2ea41516]" name="MsngrLoginMethod" class="com.aiite.pageexecution.FacebookLoginPageExecution"/>
        <method signature="FacebookLoginPageExecution.facebookLoginMethod(java.lang.String,java.lang.String)[pri:1, instance:com.aiite.pageexecution.FacebookLoginPageExecution@2ea41516]" name="facebookLoginMethod" class="com.aiite.pageexecution.FacebookLoginPageExecution"/>
        <method signature="FacebookLoginPageExecution.featuresMethod()[pri:0, instance:com.aiite.pageexecution.FacebookLoginPageExecution@2ea41516]" name="featuresMethod" class="com.aiite.pageexecution.FacebookLoginPageExecution"/>
      </group> <!-- Sanity -->
      <group name="Regression">
        <method signature="AdactinHotelBookingExecution.searchHotel()[pri:0, instance:com.aiite.pageexecution.AdactinHotelBookingExecution@3a44431a]" name="searchHotel" class="com.aiite.pageexecution.AdactinHotelBookingExecution"/>
        <method signature="AdactinHotelBookingExecution.selectHotel()[pri:0, instance:com.aiite.pageexecution.AdactinHotelBookingExecution@3a44431a]" name="selectHotel" class="com.aiite.pageexecution.AdactinHotelBookingExecution"/>
        <method signature="AmazonHomePageExecution.validLoginDetails()[pri:0, instance:com.aiite.pageexecution.AmazonHomePageExecution@593aaf41]" name="validLoginDetails" class="com.aiite.pageexecution.AmazonHomePageExecution"/>
      </group> <!-- Regression -->
      <group name="Smoke">
        <method signature="AdactinHotelBookingExecution.hotelLogin()[pri:0, instance:com.aiite.pageexecution.AdactinHotelBookingExecution@3a44431a]" name="hotelLogin" class="com.aiite.pageexecution.AdactinHotelBookingExecution"/>
        <method signature="AmazonHomePageExecution.giftCard()[pri:1, instance:com.aiite.pageexecution.AmazonHomePageExecution@593aaf41]" name="giftCard" class="com.aiite.pageexecution.AmazonHomePageExecution"/>
        <method signature="FacebookLoginPageExecution.MsngrLoginMethod()[pri:-1, instance:com.aiite.pageexecution.FacebookLoginPageExecution@2ea41516]" name="MsngrLoginMethod" class="com.aiite.pageexecution.FacebookLoginPageExecution"/>
        <method signature="FacebookLoginPageExecution.facebookLoginMethod(java.lang.String,java.lang.String)[pri:1, instance:com.aiite.pageexecution.FacebookLoginPageExecution@2ea41516]" name="facebookLoginMethod" class="com.aiite.pageexecution.FacebookLoginPageExecution"/>
      </group> <!-- Smoke -->
      <group name="sainty">
        <method signature="AdactinHotelBookingExecution.selectHotel()[pri:0, instance:com.aiite.pageexecution.AdactinHotelBookingExecution@3a44431a]" name="selectHotel" class="com.aiite.pageexecution.AdactinHotelBookingExecution"/>
      </group> <!-- sainty -->
    </groups>
    <test started-at="2023-02-24T20:28:59 IST" name="Smoke" finished-at="2023-02-24T20:33:19 IST" duration-ms="260076">
      <class name="com.aiite.pageexecution.CitiBankOffersExecution">
        <test-method is-config="true" signature="beforeTest()[pri:0, instance:com.aiite.pageexecution.CitiBankOffersExecution@3ee37e5a]" started-at="2023-02-24T20:28:59 IST" name="beforeTest" finished-at="2023-02-24T20:28:59 IST" duration-ms="1" status="PASS">
          <reporter-output>
          </reporter-output>
        </test-method> <!-- beforeTest -->
        <test-method is-config="true" signature="afterTest()[pri:0, instance:com.aiite.pageexecution.CitiBankOffersExecution@3ee37e5a]" started-at="2023-02-24T20:33:19 IST" name="afterTest" finished-at="2023-02-24T20:33:19 IST" duration-ms="0" status="PASS">
          <reporter-output>
          </reporter-output>
        </test-method> <!-- afterTest -->
      </class> <!-- com.aiite.pageexecution.CitiBankOffersExecution -->
      <class name="com.aiite.pageexecution.AmazonHomePageExecution">
        <test-method is-config="true" signature="beforeSuite()[pri:0, instance:com.aiite.pageexecution.AmazonHomePageExecution@593aaf41]" started-at="2023-02-24T20:28:59 IST" name="beforeSuite" finished-at="2023-02-24T20:28:59 IST" duration-ms="13" status="PASS">
          <reporter-output>
          </reporter-output>
        </test-method> <!-- beforeSuite -->
        <test-method is-config="true" signature="beforeTest()[pri:0, instance:com.aiite.pageexecution.AmazonHomePageExecution@593aaf41]" started-at="2023-02-24T20:28:59 IST" name="beforeTest" finished-at="2023-02-24T20:28:59 IST" duration-ms="1" status="PASS">
          <reporter-output>
          </reporter-output>
        </test-method> <!-- beforeTest -->
        <test-method is-config="true" signature="beforeClass()[pri:0, instance:com.aiite.pageexecution.AmazonHomePageExecution@593aaf41]" started-at="2023-02-24T20:28:59 IST" name="beforeClass" finished-at="2023-02-24T20:28:59 IST" duration-ms="2" status="PASS">
          <reporter-output>
          </reporter-output>
        </test-method> <!-- beforeClass -->
        <test-method is-config="true" signature="beforeMethod()[pri:0, instance:com.aiite.pageexecution.AmazonHomePageExecution@593aaf41]" started-at="2023-02-24T20:28:59 IST" name="beforeMethod" finished-at="2023-02-24T20:29:39 IST" duration-ms="39546" status="PASS">
          <reporter-output>
          </reporter-output>
        </test-method> <!-- beforeMethod -->
        <test-method signature="validLoginDetails()[pri:0, instance:com.aiite.pageexecution.AmazonHomePageExecution@593aaf41]" started-at="2023-02-24T20:29:39 IST" name="validLoginDetails" finished-at="2023-02-24T20:30:39 IST" duration-ms="60180" status="FAIL">
          <exception class="org.openqa.selenium.NoSuchElementException">
            <message>
              <![CDATA[no such element: Unable to locate element: {"method":"xpath","selector":"//span[@id='nav-link-accountList-nav-line-1']"}
  (Session info: MicrosoftEdge=110.0.1587.50)
For documentation on this error, please visit: https://www.seleniumhq.org/exceptions/no_such_element.html
Build info: version: '3.141.59', revision: 'e82be7d358', time: '2018-11-14T08:17:03'
System info: host: 'VINOTHBALA', ip: '192.168.109.112', os.name: 'Windows 10', os.arch: 'amd64', os.version: '10.0', java.version: '19.0.2'
Driver info: org.openqa.selenium.edge.EdgeDriver
Capabilities {acceptInsecureCerts: false, browserName: msedge, browserVersion: 110.0.1587.50, javascriptEnabled: true, ms:edgeOptions: {debuggerAddress: localhost:61118}, msedge: {msedgedriverVersion: 110.0.1587.56 (65e63b43e03b..., userDataDir: C:\Users\VINOTH\AppData\Loc...}, networkConnectionEnabled: false, pageLoadStrategy: normal, platform: WINDOWS, platformName: WINDOWS, proxy: Proxy(), setWindowRect: true, strictFileInteractability: false, timeouts: {implicit: 0, pageLoad: 300000, script: 30000}, unhandledPromptBehavior: dismiss and notify, webauthn:extension:credBlob: true, webauthn:extension:largeBlob: true, webauthn:virtualAuthenticators: true}
Session ID: 81ca6ad97fbd399d46f2ad32b27cfaa2
*** Element info: {Using=xpath, value=//span[@id='nav-link-accountList-nav-line-1']}]]>
            </message>
            <full-stacktrace>
              <![CDATA[org.openqa.selenium.NoSuchElementException: no such element: Unable to locate element: {"method":"xpath","selector":"//span[@id='nav-link-accountList-nav-line-1']"}
  (Session info: MicrosoftEdge=110.0.1587.50)
For documentation on this error, please visit: https://www.seleniumhq.org/exceptions/no_such_element.html
Build info: version: '3.141.59', revision: 'e82be7d358', time: '2018-11-14T08:17:03'
System info: host: 'VINOTHBALA', ip: '192.168.109.112', os.name: 'Windows 10', os.arch: 'amd64', os.version: '10.0', java.version: '19.0.2'
Driver info: org.openqa.selenium.edge.EdgeDriver
Capabilities {acceptInsecureCerts: false, browserName: msedge, browserVersion: 110.0.1587.50, javascriptEnabled: true, ms:edgeOptions: {debuggerAddress: localhost:61118}, msedge: {msedgedriverVersion: 110.0.1587.56 (65e63b43e03b..., userDataDir: C:\Users\VINOTH\AppData\Loc...}, networkConnectionEnabled: false, pageLoadStrategy: normal, platform: WINDOWS, platformName: WINDOWS, proxy: Proxy(), setWindowRect: true, strictFileInteractability: false, timeouts: {implicit: 0, pageLoad: 300000, script: 30000}, unhandledPromptBehavior: dismiss and notify, webauthn:extension:credBlob: true, webauthn:extension:largeBlob: true, webauthn:virtualAuthenticators: true}
Session ID: 81ca6ad97fbd399d46f2ad32b27cfaa2
*** Element info: {Using=xpath, value=//span[@id='nav-link-accountList-nav-line-1']}
at java.base/jdk.internal.reflect.DirectConstructorHandleAccessor.newInstance(DirectConstructorHandleAccessor.java:67)
at java.base/java.lang.reflect.Constructor.newInstanceWithCaller(Constructor.java:500)
at java.base/java.lang.reflect.Constructor.newInstance(Constructor.java:484)
at org.openqa.selenium.remote.http.W3CHttpResponseCodec.createException(W3CHttpResponseCodec.java:187)
at org.openqa.selenium.remote.http.W3CHttpResponseCodec.decode(W3CHttpResponseCodec.java:122)
at org.openqa.selenium.remote.http.W3CHttpResponseCodec.decode(W3CHttpResponseCodec.java:49)
at org.openqa.selenium.remote.HttpCommandExecutor.execute(HttpCommandExecutor.java:158)
at org.openqa.selenium.remote.service.DriverCommandExecutor.execute(DriverCommandExecutor.java:83)
at org.openqa.selenium.remote.RemoteWebDriver.execute(RemoteWebDriver.java:552)
at org.openqa.selenium.remote.RemoteWebDriver.findElement(RemoteWebDriver.java:323)
at org.openqa.selenium.remote.RemoteWebDriver.findElementByXPath(RemoteWebDriver.java:428)
at org.openqa.selenium.By$ByXPath.findElement(By.java:353)
at org.openqa.selenium.remote.RemoteWebDriver.findElement(RemoteWebDriver.java:315)
at org.openqa.selenium.support.pagefactory.DefaultElementLocator.findElement(DefaultElementLocator.java:69)
at org.openqa.selenium.support.pagefactory.internal.LocatingElementHandler.invoke(LocatingElementHandler.java:38)
at jdk.proxy2/jdk.proxy2.$Proxy21.click(Unknown Source)
at com.aiite.pageexecution.AmazonHomePageExecution.validLoginDetails(AmazonHomePageExecution.java:76)
at java.base/jdk.internal.reflect.DirectMethodHandleAccessor.invoke(DirectMethodHandleAccessor.java:104)
at java.base/java.lang.reflect.Method.invoke(Method.java:578)
at org.testng.internal.MethodInvocationHelper.invokeMethod(MethodInvocationHelper.java:133)
at org.testng.internal.TestInvoker.invokeMethod(TestInvoker.java:598)
at org.testng.internal.TestInvoker.invokeTestMethod(TestInvoker.java:173)
at org.testng.internal.MethodRunner.runInSequence(MethodRunner.java:46)
at org.testng.internal.TestInvoker$MethodInvocationAgent.invoke(TestInvoker.java:824)
at org.testng.internal.TestInvoker.invokeTestMethods(TestInvoker.java:146)
at org.testng.internal.TestMethodWorker.invokeTestMethods(TestMethodWorker.java:146)
at org.testng.internal.TestMethodWorker.run(TestMethodWorker.java:128)
at java.base/java.util.concurrent.ThreadPoolExecutor.runWorker(ThreadPoolExecutor.java:1144)
at java.base/java.util.concurrent.ThreadPoolExecutor$Worker.run(ThreadPoolExecutor.java:642)
at java.base/java.lang.Thread.run(Thread.java:1589)
]]>
            </full-stacktrace>
          </exception> <!-- org.openqa.selenium.NoSuchElementException -->
          <reporter-output>
          </reporter-output>
        </test-method> <!-- validLoginDetails -->
        <test-method is-config="true" signature="afterMethod()[pri:0, instance:com.aiite.pageexecution.AmazonHomePageExecution@593aaf41]" started-at="2023-02-24T20:30:39 IST" name="afterMethod" finished-at="2023-02-24T20:30:40 IST" duration-ms="584" status="FAIL">
          <exception class="org.openqa.selenium.NoSuchSessionException">
            <message>
              <![CDATA[invalid session id
Build info: version: '3.141.59', revision: 'e82be7d358', time: '2018-11-14T08:17:03'
System info: host: 'VINOTHBALA', ip: '192.168.109.112', os.name: 'Windows 10', os.arch: 'amd64', os.version: '10.0', java.version: '19.0.2'
Driver info: org.openqa.selenium.edge.EdgeDriver
Capabilities {acceptInsecureCerts: false, browserName: msedge, browserVersion: 110.0.1587.50, javascriptEnabled: true, ms:edgeOptions: {debuggerAddress: localhost:61118}, msedge: {msedgedriverVersion: 110.0.1587.56 (65e63b43e03b..., userDataDir: C:\Users\VINOTH\AppData\Loc...}, networkConnectionEnabled: false, pageLoadStrategy: normal, platform: WINDOWS, platformName: WINDOWS, proxy: Proxy(), setWindowRect: true, strictFileInteractability: false, timeouts: {implicit: 0, pageLoad: 300000, script: 30000}, unhandledPromptBehavior: dismiss and notify, webauthn:extension:credBlob: true, webauthn:extension:largeBlob: true, webauthn:virtualAuthenticators: true}
Session ID: 81ca6ad97fbd399d46f2ad32b27cfaa2]]>
            </message>
            <full-stacktrace>
              <![CDATA[org.openqa.selenium.NoSuchSessionException: invalid session id
Build info: version: '3.141.59', revision: 'e82be7d358', time: '2018-11-14T08:17:03'
System info: host: 'VINOTHBALA', ip: '192.168.109.112', os.name: 'Windows 10', os.arch: 'amd64', os.version: '10.0', java.version: '19.0.2'
Driver info: org.openqa.selenium.edge.EdgeDriver
Capabilities {acceptInsecureCerts: false, browserName: msedge, browserVersion: 110.0.1587.50, javascriptEnabled: true, ms:edgeOptions: {debuggerAddress: localhost:61118}, msedge: {msedgedriverVersion: 110.0.1587.56 (65e63b43e03b..., userDataDir: C:\Users\VINOTH\AppData\Loc...}, networkConnectionEnabled: false, pageLoadStrategy: normal, platform: WINDOWS, platformName: WINDOWS, proxy: Proxy(), setWindowRect: true, strictFileInteractability: false, timeouts: {implicit: 0, pageLoad: 300000, script: 30000}, unhandledPromptBehavior: dismiss and notify, webauthn:extension:credBlob: true, webauthn:extension:largeBlob: true, webauthn:virtualAuthenticators: true}
Session ID: 81ca6ad97fbd399d46f2ad32b27cfaa2
at java.base/jdk.internal.reflect.DirectConstructorHandleAccessor.newInstance(DirectConstructorHandleAccessor.java:67)
at java.base/java.lang.reflect.Constructor.newInstanceWithCaller(Constructor.java:500)
at java.base/java.lang.reflect.Constructor.newInstance(Constructor.java:484)
at org.openqa.selenium.remote.http.W3CHttpResponseCodec.createException(W3CHttpResponseCodec.java:187)
at org.openqa.selenium.remote.http.W3CHttpResponseCodec.decode(W3CHttpResponseCodec.java:122)
at org.openqa.selenium.remote.http.W3CHttpResponseCodec.decode(W3CHttpResponseCodec.java:49)
at org.openqa.selenium.remote.HttpCommandExecutor.execute(HttpCommandExecutor.java:158)
at org.openqa.selenium.remote.service.DriverCommandExecutor.execute(DriverCommandExecutor.java:83)
at org.openqa.selenium.remote.RemoteWebDriver.execute(RemoteWebDriver.java:552)
at org.openqa.selenium.remote.RemoteWebDriver.execute(RemoteWebDriver.java:609)
at org.openqa.selenium.remote.RemoteWebDriver.close(RemoteWebDriver.java:442)
at com.aiite.basepackage.BaseClass.closeBrrowser(BaseClass.java:126)
at com.aiite.pageexecution.AmazonHomePageExecution.afterMethod(AmazonHomePageExecution.java:70)
at java.base/jdk.internal.reflect.DirectMethodHandleAccessor.invoke(DirectMethodHandleAccessor.java:104)
at java.base/java.lang.reflect.Method.invoke(Method.java:578)
at org.testng.internal.MethodInvocationHelper.invokeMethod(MethodInvocationHelper.java:133)
at org.testng.internal.MethodInvocationHelper.invokeMethodConsideringTimeout(MethodInvocationHelper.java:62)
at org.testng.internal.ConfigInvoker.invokeConfigurationMethod(ConfigInvoker.java:385)
at org.testng.internal.ConfigInvoker.invokeConfigurations(ConfigInvoker.java:321)
at org.testng.internal.TestInvoker.runConfigMethods(TestInvoker.java:700)
at org.testng.internal.TestInvoker.runAfterGroupsConfigurations(TestInvoker.java:676)
at org.testng.internal.TestInvoker.invokeMethod(TestInvoker.java:660)
at org.testng.internal.TestInvoker.invokeTestMethod(TestInvoker.java:173)
at org.testng.internal.MethodRunner.runInSequence(MethodRunner.java:46)
at org.testng.internal.TestInvoker$MethodInvocationAgent.invoke(TestInvoker.java:824)
at org.testng.internal.TestInvoker.invokeTestMethods(TestInvoker.java:146)
at org.testng.internal.TestMethodWorker.invokeTestMethods(TestMethodWorker.java:146)
at org.testng.internal.TestMethodWorker.run(TestMethodWorker.java:128)
at java.base/java.util.concurrent.ThreadPoolExecutor.runWorker(ThreadPoolExecutor.java:1144)
at java.base/java.util.concurrent.ThreadPoolExecutor$Worker.run(ThreadPoolExecutor.java:642)
at java.base/java.lang.Thread.run(Thread.java:1589)
]]>
            </full-stacktrace>
          </exception> <!-- org.openqa.selenium.NoSuchSessionException -->
          <reporter-output>
          </reporter-output>
        </test-method> <!-- afterMethod -->
        <test-method signature="giftCard()[pri:1, instance:com.aiite.pageexecution.AmazonHomePageExecution@593aaf41]" started-at="2023-02-24T20:30:40 IST" name="giftCard" finished-at="2023-02-24T20:30:40 IST" depends-on-methods="com.aiite.pageexecution.AmazonHomePageExecution.validLoginDetails" duration-ms="0" status="SKIP">
          <exception class="java.lang.Throwable">
            <message>
              <![CDATA[Method AmazonHomePageExecution.giftCard()[pri:1, instance:com.aiite.pageexecution.AmazonHomePageExecution@593aaf41] depends on not successfully finished methods]]>
            </message>
            <full-stacktrace>
              <![CDATA[java.lang.Throwable: Method AmazonHomePageExecution.giftCard()[pri:1, instance:com.aiite.pageexecution.AmazonHomePageExecution@593aaf41] depends on not successfully finished methods
at org.testng.internal.TestInvoker.invokeTestMethods(TestInvoker.java:102)
at org.testng.internal.TestMethodWorker.invokeTestMethods(TestMethodWorker.java:146)
at org.testng.internal.TestMethodWorker.run(TestMethodWorker.java:128)
at java.base/java.util.concurrent.ThreadPoolExecutor.runWorker(ThreadPoolExecutor.java:1144)
at java.base/java.util.concurrent.ThreadPoolExecutor$Worker.run(ThreadPoolExecutor.java:642)
at java.base/java.lang.Thread.run(Thread.java:1589)
]]>
            </full-stacktrace>
          </exception> <!-- java.lang.Throwable -->
          <reporter-output>
          </reporter-output>
        </test-method> <!-- giftCard -->
        <test-method signature="amazonCart()[pri:2, instance:com.aiite.pageexecution.AmazonHomePageExecution@593aaf41]" started-at="2023-02-24T20:30:40 IST" name="amazonCart" finished-at="2023-02-24T20:30:40 IST" depends-on-methods="com.aiite.pageexecution.AmazonHomePageExecution.validLoginDetails" duration-ms="0" status="SKIP">
          <exception class="java.lang.Throwable">
            <message>
              <![CDATA[Method AmazonHomePageExecution.amazonCart()[pri:2, instance:com.aiite.pageexecution.AmazonHomePageExecution@593aaf41] depends on not successfully finished methods]]>
            </message>
            <full-stacktrace>
              <![CDATA[java.lang.Throwable: Method AmazonHomePageExecution.amazonCart()[pri:2, instance:com.aiite.pageexecution.AmazonHomePageExecution@593aaf41] depends on not successfully finished methods
at org.testng.internal.TestInvoker.invokeTestMethods(TestInvoker.java:102)
at org.testng.internal.TestMethodWorker.invokeTestMethods(TestMethodWorker.java:146)
at org.testng.internal.TestMethodWorker.run(TestMethodWorker.java:128)
at java.base/java.util.concurrent.ThreadPoolExecutor.runWorker(ThreadPoolExecutor.java:1144)
at java.base/java.util.concurrent.ThreadPoolExecutor$Worker.run(ThreadPoolExecutor.java:642)
at java.base/java.lang.Thread.run(Thread.java:1589)
]]>
            </full-stacktrace>
          </exception> <!-- java.lang.Throwable -->
          <reporter-output>
          </reporter-output>
        </test-method> <!-- amazonCart -->
        <test-method is-config="true" signature="AfterClass()[pri:0, instance:com.aiite.pageexecution.AmazonHomePageExecution@593aaf41]" started-at="2023-02-24T20:30:40 IST" name="AfterClass" finished-at="2023-02-24T20:30:40 IST" duration-ms="0" status="PASS">
          <reporter-output>
          </reporter-output>
        </test-method> <!-- AfterClass -->
        <test-method is-config="true" signature="afterTest()[pri:0, instance:com.aiite.pageexecution.AmazonHomePageExecution@593aaf41]" started-at="2023-02-24T20:33:19 IST" name="afterTest" finished-at="2023-02-24T20:33:19 IST" duration-ms="2" status="PASS">
          <reporter-output>
          </reporter-output>
        </test-method> <!-- afterTest -->
        <test-method is-config="true" signature="afterSuite()[pri:0, instance:com.aiite.pageexecution.AmazonHomePageExecution@593aaf41]" started-at="2023-02-24T20:33:20 IST" name="afterSuite" finished-at="2023-02-24T20:33:20 IST" duration-ms="0" status="PASS">
          <reporter-output>
          </reporter-output>
        </test-method> <!-- afterSuite -->
      </class> <!-- com.aiite.pageexecution.AmazonHomePageExecution -->
      <class name="com.aiite.pageexecution.FacebookLoginPageExecution">
        <test-method is-config="true" signature="beforeTest()[pri:0, instance:com.aiite.pageexecution.FacebookLoginPageExecution@2ea41516]" started-at="2023-02-24T20:28:59 IST" name="beforeTest" finished-at="2023-02-24T20:28:59 IST" duration-ms="1" status="PASS">
          <reporter-output>
          </reporter-output>
        </test-method> <!-- beforeTest -->
        <test-method is-config="true" signature="beforeClass()[pri:0, instance:com.aiite.pageexecution.FacebookLoginPageExecution@2ea41516]" started-at="2023-02-24T20:28:59 IST" name="beforeClass" finished-at="2023-02-24T20:28:59 IST" duration-ms="1" status="PASS">
          <reporter-output>
          </reporter-output>
        </test-method> <!-- beforeClass -->
        <test-method is-config="true" signature="beforeMethod()[pri:0, instance:com.aiite.pageexecution.FacebookLoginPageExecution@2ea41516]" started-at="2023-02-24T20:28:59 IST" name="beforeMethod" finished-at="2023-02-24T20:29:39 IST" duration-ms="39551" status="PASS">
          <reporter-output>
          </reporter-output>
        </test-method> <!-- beforeMethod -->
        <test-method signature="MsngrLoginMethod()[pri:-1, instance:com.aiite.pageexecution.FacebookLoginPageExecution@2ea41516]" started-at="2023-02-24T20:29:39 IST" name="MsngrLoginMethod" finished-at="2023-02-24T20:30:09 IST" duration-ms="30176" status="FAIL">
          <exception class="org.openqa.selenium.NoSuchElementException">
            <message>
              <![CDATA[no such element: Unable to locate element: {"method":"xpath","selector":"//a[text()='Messenger']"}
  (Session info: MicrosoftEdge=110.0.1587.50)
For documentation on this error, please visit: https://www.seleniumhq.org/exceptions/no_such_element.html
Build info: version: '3.141.59', revision: 'e82be7d358', time: '2018-11-14T08:17:03'
System info: host: 'VINOTHBALA', ip: '192.168.109.112', os.name: 'Windows 10', os.arch: 'amd64', os.version: '10.0', java.version: '19.0.2'
Driver info: org.openqa.selenium.edge.EdgeDriver
Capabilities {acceptInsecureCerts: false, browserName: msedge, browserVersion: 110.0.1587.50, javascriptEnabled: true, ms:edgeOptions: {debuggerAddress: localhost:61118}, msedge: {msedgedriverVersion: 110.0.1587.56 (65e63b43e03b..., userDataDir: C:\Users\VINOTH\AppData\Loc...}, networkConnectionEnabled: false, pageLoadStrategy: normal, platform: WINDOWS, platformName: WINDOWS, proxy: Proxy(), setWindowRect: true, strictFileInteractability: false, timeouts: {implicit: 0, pageLoad: 300000, script: 30000}, unhandledPromptBehavior: dismiss and notify, webauthn:extension:credBlob: true, webauthn:extension:largeBlob: true, webauthn:virtualAuthenticators: true}
Session ID: 81ca6ad97fbd399d46f2ad32b27cfaa2
*** Element info: {Using=xpath, value=//a[text()='Messenger']}]]>
            </message>
            <full-stacktrace>
              <![CDATA[org.openqa.selenium.NoSuchElementException: no such element: Unable to locate element: {"method":"xpath","selector":"//a[text()='Messenger']"}
  (Session info: MicrosoftEdge=110.0.1587.50)
For documentation on this error, please visit: https://www.seleniumhq.org/exceptions/no_such_element.html
Build info: version: '3.141.59', revision: 'e82be7d358', time: '2018-11-14T08:17:03'
System info: host: 'VINOTHBALA', ip: '192.168.109.112', os.name: 'Windows 10', os.arch: 'amd64', os.version: '10.0', java.version: '19.0.2'
Driver info: org.openqa.selenium.edge.EdgeDriver
Capabilities {acceptInsecureCerts: false, browserName: msedge, browserVersion: 110.0.1587.50, javascriptEnabled: true, ms:edgeOptions: {debuggerAddress: localhost:61118}, msedge: {msedgedriverVersion: 110.0.1587.56 (65e63b43e03b..., userDataDir: C:\Users\VINOTH\AppData\Loc...}, networkConnectionEnabled: false, pageLoadStrategy: normal, platform: WINDOWS, platformName: WINDOWS, proxy: Proxy(), setWindowRect: true, strictFileInteractability: false, timeouts: {implicit: 0, pageLoad: 300000, script: 30000}, unhandledPromptBehavior: dismiss and notify, webauthn:extension:credBlob: true, webauthn:extension:largeBlob: true, webauthn:virtualAuthenticators: true}
Session ID: 81ca6ad97fbd399d46f2ad32b27cfaa2
*** Element info: {Using=xpath, value=//a[text()='Messenger']}
at java.base/jdk.internal.reflect.DirectConstructorHandleAccessor.newInstance(DirectConstructorHandleAccessor.java:67)
at java.base/java.lang.reflect.Constructor.newInstanceWithCaller(Constructor.java:500)
at java.base/java.lang.reflect.Constructor.newInstance(Constructor.java:484)
at org.openqa.selenium.remote.http.W3CHttpResponseCodec.createException(W3CHttpResponseCodec.java:187)
at org.openqa.selenium.remote.http.W3CHttpResponseCodec.decode(W3CHttpResponseCodec.java:122)
at org.openqa.selenium.remote.http.W3CHttpResponseCodec.decode(W3CHttpResponseCodec.java:49)
at org.openqa.selenium.remote.HttpCommandExecutor.execute(HttpCommandExecutor.java:158)
at org.openqa.selenium.remote.service.DriverCommandExecutor.execute(DriverCommandExecutor.java:83)
at org.openqa.selenium.remote.RemoteWebDriver.execute(RemoteWebDriver.java:552)
at org.openqa.selenium.remote.RemoteWebDriver.findElement(RemoteWebDriver.java:323)
at org.openqa.selenium.remote.RemoteWebDriver.findElementByXPath(RemoteWebDriver.java:428)
at org.openqa.selenium.By$ByXPath.findElement(By.java:353)
at org.openqa.selenium.remote.RemoteWebDriver.findElement(RemoteWebDriver.java:315)
at org.openqa.selenium.support.pagefactory.DefaultElementLocator.findElement(DefaultElementLocator.java:69)
at org.openqa.selenium.support.pagefactory.internal.LocatingElementHandler.invoke(LocatingElementHandler.java:38)
at jdk.proxy2/jdk.proxy2.$Proxy21.click(Unknown Source)
at com.aiite.pageexecution.FacebookLoginPageExecution.MsngrLoginMethod(FacebookLoginPageExecution.java:54)
at java.base/jdk.internal.reflect.DirectMethodHandleAccessor.invoke(DirectMethodHandleAccessor.java:104)
at java.base/java.lang.reflect.Method.invoke(Method.java:578)
at org.testng.internal.MethodInvocationHelper.invokeMethod(MethodInvocationHelper.java:133)
at org.testng.internal.TestInvoker.invokeMethod(TestInvoker.java:598)
at org.testng.internal.TestInvoker.invokeTestMethod(TestInvoker.java:173)
at org.testng.internal.MethodRunner.runInSequence(MethodRunner.java:46)
at org.testng.internal.TestInvoker$MethodInvocationAgent.invoke(TestInvoker.java:824)
at org.testng.internal.TestInvoker.invokeTestMethods(TestInvoker.java:146)
at org.testng.internal.TestMethodWorker.invokeTestMethods(TestMethodWorker.java:146)
at org.testng.internal.TestMethodWorker.run(TestMethodWorker.java:128)
at java.base/java.util.concurrent.ThreadPoolExecutor.runWorker(ThreadPoolExecutor.java:1144)
at java.base/java.util.concurrent.ThreadPoolExecutor$Worker.run(ThreadPoolExecutor.java:642)
at java.base/java.lang.Thread.run(Thread.java:1589)
]]>
            </full-stacktrace>
          </exception> <!-- org.openqa.selenium.NoSuchElementException -->
          <reporter-output>
          </reporter-output>
        </test-method> <!-- MsngrLoginMethod -->
        <test-method is-config="true" signature="afterMethod()[pri:0, instance:com.aiite.pageexecution.FacebookLoginPageExecution@2ea41516]" started-at="2023-02-24T20:30:09 IST" name="afterMethod" finished-at="2023-02-24T20:30:39 IST" duration-ms="30221" status="PASS">
          <reporter-output>
          </reporter-output>
        </test-method> <!-- afterMethod -->
        <test-method signature="featuresMethod()[pri:0, instance:com.aiite.pageexecution.FacebookLoginPageExecution@2ea41516]" started-at="2023-02-24T20:30:39 IST" name="featuresMethod" finished-at="2023-02-24T20:30:39 IST" depends-on-methods="com.aiite.pageexecution.FacebookLoginPageExecution.MsngrLoginMethod" duration-ms="0" status="SKIP">
          <exception class="java.lang.Throwable">
            <message>
              <![CDATA[Method FacebookLoginPageExecution.featuresMethod()[pri:0, instance:com.aiite.pageexecution.FacebookLoginPageExecution@2ea41516] depends on not successfully finished methods]]>
            </message>
            <full-stacktrace>
              <![CDATA[java.lang.Throwable: Method FacebookLoginPageExecution.featuresMethod()[pri:0, instance:com.aiite.pageexecution.FacebookLoginPageExecution@2ea41516] depends on not successfully finished methods
at org.testng.internal.TestInvoker.invokeTestMethods(TestInvoker.java:102)
at org.testng.internal.TestMethodWorker.invokeTestMethods(TestMethodWorker.java:146)
at org.testng.internal.TestMethodWorker.run(TestMethodWorker.java:128)
at java.base/java.util.concurrent.ThreadPoolExecutor.runWorker(ThreadPoolExecutor.java:1144)
at java.base/java.util.concurrent.ThreadPoolExecutor$Worker.run(ThreadPoolExecutor.java:642)
at java.base/java.lang.Thread.run(Thread.java:1589)
]]>
            </full-stacktrace>
          </exception> <!-- java.lang.Throwable -->
          <reporter-output>
          </reporter-output>
        </test-method> <!-- featuresMethod -->
        <test-method is-config="true" signature="beforeMethod()[pri:0, instance:com.aiite.pageexecution.FacebookLoginPageExecution@2ea41516]" started-at="2023-02-24T20:30:39 IST" name="beforeMethod" finished-at="2023-02-24T20:31:05 IST" duration-ms="25872" status="PASS">
          <reporter-output>
          </reporter-output>
        </test-method> <!-- beforeMethod -->
        <test-method signature="facebookLoginMethod(java.lang.String,java.lang.String)[pri:1, instance:com.aiite.pageexecution.FacebookLoginPageExecution@2ea41516]" started-at="2023-02-24T20:31:05 IST" name="facebookLoginMethod" data-provider="testData" finished-at="2023-02-24T20:31:06 IST" duration-ms="357" status="PASS">
          <params>
            <param index="0">
              <value>
                <![CDATA[azharudeen]]>
              </value>
            </param>
            <param index="1">
              <value>
                <![CDATA[abc123]]>
              </value>
            </param>
          </params>
          <reporter-output>
          </reporter-output>
        </test-method> <!-- facebookLoginMethod -->
        <test-method is-config="true" signature="afterMethod()[pri:0, instance:com.aiite.pageexecution.FacebookLoginPageExecution@2ea41516]" started-at="2023-02-24T20:31:06 IST" name="afterMethod" finished-at="2023-02-24T20:31:06 IST" duration-ms="394" status="PASS">
          <reporter-output>
          </reporter-output>
        </test-method> <!-- afterMethod -->
        <test-method is-config="true" signature="beforeMethod()[pri:0, instance:com.aiite.pageexecution.FacebookLoginPageExecution@2ea41516]" started-at="2023-02-24T20:31:06 IST" name="beforeMethod" finished-at="2023-02-24T20:32:09 IST" duration-ms="63311" status="PASS">
          <reporter-output>
          </reporter-output>
        </test-method> <!-- beforeMethod -->
        <test-method signature="facebookLoginMethod(java.lang.String,java.lang.String)[pri:1, instance:com.aiite.pageexecution.FacebookLoginPageExecution@2ea41516]" started-at="2023-02-24T20:32:09 IST" name="facebookLoginMethod" data-provider="testData" finished-at="2023-02-24T20:32:10 IST" duration-ms="362" status="PASS">
          <params>
            <param index="0">
              <value>
                <![CDATA[manivannan]]>
              </value>
            </param>
            <param index="1">
              <value>
                <![CDATA[welcome@3]]>
              </value>
            </param>
          </params>
          <reporter-output>
          </reporter-output>
        </test-method> <!-- facebookLoginMethod -->
        <test-method is-config="true" signature="afterMethod()[pri:0, instance:com.aiite.pageexecution.FacebookLoginPageExecution@2ea41516]" started-at="2023-02-24T20:32:10 IST" name="afterMethod" finished-at="2023-02-24T20:32:10 IST" duration-ms="619" status="PASS">
          <reporter-output>
          </reporter-output>
        </test-method> <!-- afterMethod -->
        <test-method is-config="true" signature="beforeMethod()[pri:0, instance:com.aiite.pageexecution.FacebookLoginPageExecution@2ea41516]" started-at="2023-02-24T20:32:10 IST" name="beforeMethod" finished-at="2023-02-24T20:32:32 IST" duration-ms="21423" status="PASS">
          <reporter-output>
          </reporter-output>
        </test-method> <!-- beforeMethod -->
        <test-method signature="facebookLoginMethod(java.lang.String,java.lang.String)[pri:1, instance:com.aiite.pageexecution.FacebookLoginPageExecution@2ea41516]" started-at="2023-02-24T20:32:32 IST" name="facebookLoginMethod" data-provider="testData" finished-at="2023-02-24T20:32:32 IST" duration-ms="331" status="PASS">
          <params>
            <param index="0">
              <value>
                <![CDATA[praveen]]>
              </value>
            </param>
            <param index="1">
              <value>
                <![CDATA[Test@12]]>
              </value>
            </param>
          </params>
          <reporter-output>
          </reporter-output>
        </test-method> <!-- facebookLoginMethod -->
        <test-method is-config="true" signature="afterMethod()[pri:0, instance:com.aiite.pageexecution.FacebookLoginPageExecution@2ea41516]" started-at="2023-02-24T20:32:32 IST" name="afterMethod" finished-at="2023-02-24T20:32:32 IST" duration-ms="377" status="PASS">
          <reporter-output>
          </reporter-output>
        </test-method> <!-- afterMethod -->
        <test-method is-config="true" signature="beforeMethod()[pri:0, instance:com.aiite.pageexecution.FacebookLoginPageExecution@2ea41516]" started-at="2023-02-24T20:32:32 IST" name="beforeMethod" finished-at="2023-02-24T20:32:45 IST" duration-ms="12704" status="PASS">
          <reporter-output>
          </reporter-output>
        </test-method> <!-- beforeMethod -->
        <test-method signature="facebookLoginMethod(java.lang.String,java.lang.String)[pri:1, instance:com.aiite.pageexecution.FacebookLoginPageExecution@2ea41516]" started-at="2023-02-24T20:32:45 IST" name="facebookLoginMethod" data-provider="testData" finished-at="2023-02-24T20:32:46 IST" duration-ms="506" status="PASS">
          <params>
            <param index="0">
              <value>
                <![CDATA[kumar]]>
              </value>
            </param>
            <param index="1">
              <value>
                <![CDATA[automate@12]]>
              </value>
            </param>
          </params>
          <reporter-output>
          </reporter-output>
        </test-method> <!-- facebookLoginMethod -->
        <test-method is-config="true" signature="afterMethod()[pri:0, instance:com.aiite.pageexecution.FacebookLoginPageExecution@2ea41516]" started-at="2023-02-24T20:32:46 IST" name="afterMethod" finished-at="2023-02-24T20:32:46 IST" duration-ms="324" status="PASS">
          <reporter-output>
          </reporter-output>
        </test-method> <!-- afterMethod -->
        <test-method is-config="true" signature="beforeMethod()[pri:0, instance:com.aiite.pageexecution.FacebookLoginPageExecution@2ea41516]" started-at="2023-02-24T20:32:46 IST" name="beforeMethod" finished-at="2023-02-24T20:33:19 IST" duration-ms="32649" status="PASS">
          <reporter-output>
          </reporter-output>
        </test-method> <!-- beforeMethod -->
        <test-method signature="facebookLoginMethod(java.lang.String,java.lang.String)[pri:1, instance:com.aiite.pageexecution.FacebookLoginPageExecution@2ea41516]" started-at="2023-02-24T20:33:19 IST" name="facebookLoginMethod" data-provider="testData" finished-at="2023-02-24T20:33:19 IST" duration-ms="464" status="PASS">
          <params>
            <param index="0">
              <value>
                <![CDATA[Naveen]]>
              </value>
            </param>
            <param index="1">
              <value>
                <![CDATA[java@67]]>
              </value>
            </param>
          </params>
          <reporter-output>
          </reporter-output>
        </test-method> <!-- facebookLoginMethod -->
        <test-method is-config="true" signature="afterMethod()[pri:0, instance:com.aiite.pageexecution.FacebookLoginPageExecution@2ea41516]" started-at="2023-02-24T20:33:19 IST" name="afterMethod" finished-at="2023-02-24T20:33:19 IST" duration-ms="290" status="PASS">
          <reporter-output>
          </reporter-output>
        </test-method> <!-- afterMethod -->
        <test-method is-config="true" signature="AfterClass()[pri:0, instance:com.aiite.pageexecution.FacebookLoginPageExecution@2ea41516]" started-at="2023-02-24T20:33:19 IST" name="AfterClass" finished-at="2023-02-24T20:33:19 IST" duration-ms="0" status="PASS">
          <reporter-output>
          </reporter-output>
        </test-method> <!-- AfterClass -->
        <test-method is-config="true" signature="afterTest()[pri:0, instance:com.aiite.pageexecution.FacebookLoginPageExecution@2ea41516]" started-at="2023-02-24T20:33:19 IST" name="afterTest" finished-at="2023-02-24T20:33:19 IST" duration-ms="1" status="PASS">
          <reporter-output>
          </reporter-output>
        </test-method> <!-- afterTest -->
      </class> <!-- com.aiite.pageexecution.FacebookLoginPageExecution -->
      <class name="com.aiite.pageexecution.AdactinHotelBookingExecution">
        <test-method is-config="true" signature="beforeTest()[pri:0, instance:com.aiite.pageexecution.AdactinHotelBookingExecution@3a44431a]" started-at="2023-02-24T20:28:59 IST" name="beforeTest" finished-at="2023-02-24T20:28:59 IST" duration-ms="1" status="PASS">
          <reporter-output>
          </reporter-output>
        </test-method> <!-- beforeTest -->
        <test-method is-config="true" signature="beforeClass()[pri:0, instance:com.aiite.pageexecution.AdactinHotelBookingExecution@3a44431a]" started-at="2023-02-24T20:28:59 IST" name="beforeClass" finished-at="2023-02-24T20:28:59 IST" duration-ms="1" status="PASS">
          <reporter-output>
          </reporter-output>
        </test-method> <!-- beforeClass -->
        <test-method is-config="true" signature="beforeMethod()[pri:0, instance:com.aiite.pageexecution.AdactinHotelBookingExecution@3a44431a]" started-at="2023-02-24T20:28:59 IST" name="beforeMethod" finished-at="2023-02-24T20:29:39 IST" duration-ms="39569" status="PASS">
          <reporter-output>
          </reporter-output>
        </test-method> <!-- beforeMethod -->
        <test-method signature="hotelLogin()[pri:0, instance:com.aiite.pageexecution.AdactinHotelBookingExecution@3a44431a]" started-at="2023-02-24T20:29:39 IST" name="hotelLogin" finished-at="2023-02-24T20:30:40 IST" duration-ms="60765" status="FAIL">
          <exception class="org.openqa.selenium.NoSuchSessionException">
            <message>
              <![CDATA[invalid session id
Build info: version: '3.141.59', revision: 'e82be7d358', time: '2018-11-14T08:17:03'
System info: host: 'VINOTHBALA', ip: '192.168.109.112', os.name: 'Windows 10', os.arch: 'amd64', os.version: '10.0', java.version: '19.0.2'
Driver info: org.openqa.selenium.edge.EdgeDriver
Capabilities {acceptInsecureCerts: false, browserName: msedge, browserVersion: 110.0.1587.50, javascriptEnabled: true, ms:edgeOptions: {debuggerAddress: localhost:61118}, msedge: {msedgedriverVersion: 110.0.1587.56 (65e63b43e03b..., userDataDir: C:\Users\VINOTH\AppData\Loc...}, networkConnectionEnabled: false, pageLoadStrategy: normal, platform: WINDOWS, platformName: WINDOWS, proxy: Proxy(), setWindowRect: true, strictFileInteractability: false, timeouts: {implicit: 0, pageLoad: 300000, script: 30000}, unhandledPromptBehavior: dismiss and notify, webauthn:extension:credBlob: true, webauthn:extension:largeBlob: true, webauthn:virtualAuthenticators: true}
Session ID: 81ca6ad97fbd399d46f2ad32b27cfaa2]]>
            </message>
            <full-stacktrace>
              <![CDATA[org.openqa.selenium.NoSuchSessionException: invalid session id
Build info: version: '3.141.59', revision: 'e82be7d358', time: '2018-11-14T08:17:03'
System info: host: 'VINOTHBALA', ip: '192.168.109.112', os.name: 'Windows 10', os.arch: 'amd64', os.version: '10.0', java.version: '19.0.2'
Driver info: org.openqa.selenium.edge.EdgeDriver
Capabilities {acceptInsecureCerts: false, browserName: msedge, browserVersion: 110.0.1587.50, javascriptEnabled: true, ms:edgeOptions: {debuggerAddress: localhost:61118}, msedge: {msedgedriverVersion: 110.0.1587.56 (65e63b43e03b..., userDataDir: C:\Users\VINOTH\AppData\Loc...}, networkConnectionEnabled: false, pageLoadStrategy: normal, platform: WINDOWS, platformName: WINDOWS, proxy: Proxy(), setWindowRect: true, strictFileInteractability: false, timeouts: {implicit: 0, pageLoad: 300000, script: 30000}, unhandledPromptBehavior: dismiss and notify, webauthn:extension:credBlob: true, webauthn:extension:largeBlob: true, webauthn:virtualAuthenticators: true}
Session ID: 81ca6ad97fbd399d46f2ad32b27cfaa2
at java.base/jdk.internal.reflect.DirectConstructorHandleAccessor.newInstance(DirectConstructorHandleAccessor.java:67)
at java.base/java.lang.reflect.Constructor.newInstanceWithCaller(Constructor.java:500)
at java.base/java.lang.reflect.Constructor.newInstance(Constructor.java:484)
at org.openqa.selenium.remote.http.W3CHttpResponseCodec.createException(W3CHttpResponseCodec.java:187)
at org.openqa.selenium.remote.http.W3CHttpResponseCodec.decode(W3CHttpResponseCodec.java:122)
at org.openqa.selenium.remote.http.W3CHttpResponseCodec.decode(W3CHttpResponseCodec.java:49)
at org.openqa.selenium.remote.HttpCommandExecutor.execute(HttpCommandExecutor.java:158)
at org.openqa.selenium.remote.service.DriverCommandExecutor.execute(DriverCommandExecutor.java:83)
at org.openqa.selenium.remote.RemoteWebDriver.execute(RemoteWebDriver.java:552)
at org.openqa.selenium.remote.RemoteWebElement.execute(RemoteWebElement.java:285)
at org.openqa.selenium.remote.RemoteWebElement.sendKeys(RemoteWebElement.java:106)
at java.base/jdk.internal.reflect.DirectMethodHandleAccessor.invoke(DirectMethodHandleAccessor.java:104)
at java.base/java.lang.reflect.Method.invoke(Method.java:578)
at org.openqa.selenium.support.pagefactory.internal.LocatingElementHandler.invoke(LocatingElementHandler.java:51)
at jdk.proxy2/jdk.proxy2.$Proxy21.sendKeys(Unknown Source)
at com.aiite.pageexecution.AdactinHotelBookingExecution.hotelLogin(AdactinHotelBookingExecution.java:92)
at java.base/jdk.internal.reflect.DirectMethodHandleAccessor.invoke(DirectMethodHandleAccessor.java:104)
at java.base/java.lang.reflect.Method.invoke(Method.java:578)
at org.testng.internal.MethodInvocationHelper.invokeMethod(MethodInvocationHelper.java:133)
at org.testng.internal.TestInvoker.invokeMethod(TestInvoker.java:598)
at org.testng.internal.TestInvoker.invokeTestMethod(TestInvoker.java:173)
at org.testng.internal.MethodRunner.runInSequence(MethodRunner.java:46)
at org.testng.internal.TestInvoker$MethodInvocationAgent.invoke(TestInvoker.java:824)
at org.testng.internal.TestInvoker.invokeTestMethods(TestInvoker.java:146)
at org.testng.internal.TestMethodWorker.invokeTestMethods(TestMethodWorker.java:146)
at org.testng.internal.TestMethodWorker.run(TestMethodWorker.java:128)
at java.base/java.util.concurrent.ThreadPoolExecutor.runWorker(ThreadPoolExecutor.java:1144)
at java.base/java.util.concurrent.ThreadPoolExecutor$Worker.run(ThreadPoolExecutor.java:642)
at java.base/java.lang.Thread.run(Thread.java:1589)
]]>
            </full-stacktrace>
          </exception> <!-- org.openqa.selenium.NoSuchSessionException -->
          <reporter-output>
          </reporter-output>
        </test-method> <!-- hotelLogin -->
        <test-method is-config="true" signature="afterMethod()[pri:0, instance:com.aiite.pageexecution.AdactinHotelBookingExecution@3a44431a]" started-at="2023-02-24T20:30:40 IST" name="afterMethod" finished-at="2023-02-24T20:30:40 IST" duration-ms="10" status="FAIL">
          <exception class="org.openqa.selenium.NoSuchSessionException">
            <message>
              <![CDATA[invalid session id
Build info: version: '3.141.59', revision: 'e82be7d358', time: '2018-11-14T08:17:03'
System info: host: 'VINOTHBALA', ip: '192.168.109.112', os.name: 'Windows 10', os.arch: 'amd64', os.version: '10.0', java.version: '19.0.2'
Driver info: org.openqa.selenium.edge.EdgeDriver
Capabilities {acceptInsecureCerts: false, browserName: msedge, browserVersion: 110.0.1587.50, javascriptEnabled: true, ms:edgeOptions: {debuggerAddress: localhost:61118}, msedge: {msedgedriverVersion: 110.0.1587.56 (65e63b43e03b..., userDataDir: C:\Users\VINOTH\AppData\Loc...}, networkConnectionEnabled: false, pageLoadStrategy: normal, platform: WINDOWS, platformName: WINDOWS, proxy: Proxy(), setWindowRect: true, strictFileInteractability: false, timeouts: {implicit: 0, pageLoad: 300000, script: 30000}, unhandledPromptBehavior: dismiss and notify, webauthn:extension:credBlob: true, webauthn:extension:largeBlob: true, webauthn:virtualAuthenticators: true}
Session ID: 81ca6ad97fbd399d46f2ad32b27cfaa2]]>
            </message>
            <full-stacktrace>
              <![CDATA[org.openqa.selenium.NoSuchSessionException: invalid session id
Build info: version: '3.141.59', revision: 'e82be7d358', time: '2018-11-14T08:17:03'
System info: host: 'VINOTHBALA', ip: '192.168.109.112', os.name: 'Windows 10', os.arch: 'amd64', os.version: '10.0', java.version: '19.0.2'
Driver info: org.openqa.selenium.edge.EdgeDriver
Capabilities {acceptInsecureCerts: false, browserName: msedge, browserVersion: 110.0.1587.50, javascriptEnabled: true, ms:edgeOptions: {debuggerAddress: localhost:61118}, msedge: {msedgedriverVersion: 110.0.1587.56 (65e63b43e03b..., userDataDir: C:\Users\VINOTH\AppData\Loc...}, networkConnectionEnabled: false, pageLoadStrategy: normal, platform: WINDOWS, platformName: WINDOWS, proxy: Proxy(), setWindowRect: true, strictFileInteractability: false, timeouts: {implicit: 0, pageLoad: 300000, script: 30000}, unhandledPromptBehavior: dismiss and notify, webauthn:extension:credBlob: true, webauthn:extension:largeBlob: true, webauthn:virtualAuthenticators: true}
Session ID: 81ca6ad97fbd399d46f2ad32b27cfaa2
at java.base/jdk.internal.reflect.DirectConstructorHandleAccessor.newInstance(DirectConstructorHandleAccessor.java:67)
at java.base/java.lang.reflect.Constructor.newInstanceWithCaller(Constructor.java:500)
at java.base/java.lang.reflect.Constructor.newInstance(Constructor.java:484)
at org.openqa.selenium.remote.http.W3CHttpResponseCodec.createException(W3CHttpResponseCodec.java:187)
at org.openqa.selenium.remote.http.W3CHttpResponseCodec.decode(W3CHttpResponseCodec.java:122)
at org.openqa.selenium.remote.http.W3CHttpResponseCodec.decode(W3CHttpResponseCodec.java:49)
at org.openqa.selenium.remote.HttpCommandExecutor.execute(HttpCommandExecutor.java:158)
at org.openqa.selenium.remote.service.DriverCommandExecutor.execute(DriverCommandExecutor.java:83)
at org.openqa.selenium.remote.RemoteWebDriver.execute(RemoteWebDriver.java:552)
at org.openqa.selenium.remote.RemoteWebDriver.execute(RemoteWebDriver.java:609)
at org.openqa.selenium.remote.RemoteWebDriver.close(RemoteWebDriver.java:442)
at com.aiite.basepackage.BaseClass.closeBrrowser(BaseClass.java:126)
at com.aiite.pageexecution.AdactinHotelBookingExecution.afterMethod(AdactinHotelBookingExecution.java:42)
at java.base/jdk.internal.reflect.DirectMethodHandleAccessor.invoke(DirectMethodHandleAccessor.java:104)
at java.base/java.lang.reflect.Method.invoke(Method.java:578)
at org.testng.internal.MethodInvocationHelper.invokeMethod(MethodInvocationHelper.java:133)
at org.testng.internal.MethodInvocationHelper.invokeMethodConsideringTimeout(MethodInvocationHelper.java:62)
at org.testng.internal.ConfigInvoker.invokeConfigurationMethod(ConfigInvoker.java:385)
at org.testng.internal.ConfigInvoker.invokeConfigurations(ConfigInvoker.java:321)
at org.testng.internal.TestInvoker.runConfigMethods(TestInvoker.java:700)
at org.testng.internal.TestInvoker.runAfterGroupsConfigurations(TestInvoker.java:676)
at org.testng.internal.TestInvoker.invokeMethod(TestInvoker.java:660)
at org.testng.internal.TestInvoker.invokeTestMethod(TestInvoker.java:173)
at org.testng.internal.MethodRunner.runInSequence(MethodRunner.java:46)
at org.testng.internal.TestInvoker$MethodInvocationAgent.invoke(TestInvoker.java:824)
at org.testng.internal.TestInvoker.invokeTestMethods(TestInvoker.java:146)
at org.testng.internal.TestMethodWorker.invokeTestMethods(TestMethodWorker.java:146)
at org.testng.internal.TestMethodWorker.run(TestMethodWorker.java:128)
at java.base/java.util.concurrent.ThreadPoolExecutor.runWorker(ThreadPoolExecutor.java:1144)
at java.base/java.util.concurrent.ThreadPoolExecutor$Worker.run(ThreadPoolExecutor.java:642)
at java.base/java.lang.Thread.run(Thread.java:1589)
]]>
            </full-stacktrace>
          </exception> <!-- org.openqa.selenium.NoSuchSessionException -->
          <reporter-output>
          </reporter-output>
        </test-method> <!-- afterMethod -->
        <test-method signature="searchHotel()[pri:0, instance:com.aiite.pageexecution.AdactinHotelBookingExecution@3a44431a]" started-at="2023-02-24T20:30:40 IST" name="searchHotel" finished-at="2023-02-24T20:30:40 IST" depends-on-methods="com.aiite.pageexecution.AdactinHotelBookingExecution.hotelLogin" duration-ms="0" status="SKIP">
          <exception class="java.lang.Throwable">
            <message>
              <![CDATA[Method AdactinHotelBookingExecution.searchHotel()[pri:0, instance:com.aiite.pageexecution.AdactinHotelBookingExecution@3a44431a] depends on not successfully finished methods]]>
            </message>
            <full-stacktrace>
              <![CDATA[java.lang.Throwable: Method AdactinHotelBookingExecution.searchHotel()[pri:0, instance:com.aiite.pageexecution.AdactinHotelBookingExecution@3a44431a] depends on not successfully finished methods
at org.testng.internal.TestInvoker.invokeTestMethods(TestInvoker.java:102)
at org.testng.internal.TestMethodWorker.invokeTestMethods(TestMethodWorker.java:146)
at org.testng.internal.TestMethodWorker.run(TestMethodWorker.java:128)
at java.base/java.util.concurrent.ThreadPoolExecutor.runWorker(ThreadPoolExecutor.java:1144)
at java.base/java.util.concurrent.ThreadPoolExecutor$Worker.run(ThreadPoolExecutor.java:642)
at java.base/java.lang.Thread.run(Thread.java:1589)
]]>
            </full-stacktrace>
          </exception> <!-- java.lang.Throwable -->
          <reporter-output>
          </reporter-output>
        </test-method> <!-- searchHotel -->
        <test-method signature="selectHotel()[pri:0, instance:com.aiite.pageexecution.AdactinHotelBookingExecution@3a44431a]" started-at="2023-02-24T20:30:40 IST" name="selectHotel" finished-at="2023-02-24T20:30:40 IST" depends-on-methods="com.aiite.pageexecution.AdactinHotelBookingExecution.searchHotel" duration-ms="0" status="SKIP">
          <exception class="java.lang.Throwable">
            <message>
              <![CDATA[Method AdactinHotelBookingExecution.selectHotel()[pri:0, instance:com.aiite.pageexecution.AdactinHotelBookingExecution@3a44431a] depends on not successfully finished methods]]>
            </message>
            <full-stacktrace>
              <![CDATA[java.lang.Throwable: Method AdactinHotelBookingExecution.selectHotel()[pri:0, instance:com.aiite.pageexecution.AdactinHotelBookingExecution@3a44431a] depends on not successfully finished methods
at org.testng.internal.TestInvoker.invokeTestMethods(TestInvoker.java:102)
at org.testng.internal.TestMethodWorker.invokeTestMethods(TestMethodWorker.java:146)
at org.testng.internal.TestMethodWorker.run(TestMethodWorker.java:128)
at java.base/java.util.concurrent.ThreadPoolExecutor.runWorker(ThreadPoolExecutor.java:1144)
at java.base/java.util.concurrent.ThreadPoolExecutor$Worker.run(ThreadPoolExecutor.java:642)
at java.base/java.lang.Thread.run(Thread.java:1589)
]]>
            </full-stacktrace>
          </exception> <!-- java.lang.Throwable -->
          <reporter-output>
          </reporter-output>
        </test-method> <!-- selectHotel -->
        <test-method signature="hotelBooking()[pri:0, instance:com.aiite.pageexecution.AdactinHotelBookingExecution@3a44431a]" started-at="2023-02-24T20:30:40 IST" name="hotelBooking" finished-at="2023-02-24T20:30:40 IST" depends-on-methods="com.aiite.pageexecution.AdactinHotelBookingExecution.selectHotel" duration-ms="0" status="SKIP">
          <exception class="java.lang.Throwable">
            <message>
              <![CDATA[Method AdactinHotelBookingExecution.hotelBooking()[pri:0, instance:com.aiite.pageexecution.AdactinHotelBookingExecution@3a44431a] depends on not successfully finished methods]]>
            </message>
            <full-stacktrace>
              <![CDATA[java.lang.Throwable: Method AdactinHotelBookingExecution.hotelBooking()[pri:0, instance:com.aiite.pageexecution.AdactinHotelBookingExecution@3a44431a] depends on not successfully finished methods
at org.testng.internal.TestInvoker.invokeTestMethods(TestInvoker.java:102)
at org.testng.internal.TestMethodWorker.invokeTestMethods(TestMethodWorker.java:146)
at org.testng.internal.TestMethodWorker.run(TestMethodWorker.java:128)
at java.base/java.util.concurrent.ThreadPoolExecutor.runWorker(ThreadPoolExecutor.java:1144)
at java.base/java.util.concurrent.ThreadPoolExecutor$Worker.run(ThreadPoolExecutor.java:642)
at java.base/java.lang.Thread.run(Thread.java:1589)
]]>
            </full-stacktrace>
          </exception> <!-- java.lang.Throwable -->
          <reporter-output>
          </reporter-output>
        </test-method> <!-- hotelBooking -->
        <test-method is-config="true" signature="AfterClass()[pri:0, instance:com.aiite.pageexecution.AdactinHotelBookingExecution@3a44431a]" started-at="2023-02-24T20:30:40 IST" name="AfterClass" finished-at="2023-02-24T20:30:40 IST" duration-ms="0" status="PASS">
          <reporter-output>
          </reporter-output>
        </test-method> <!-- AfterClass -->
        <test-method is-config="true" signature="afterTest()[pri:0, instance:com.aiite.pageexecution.AdactinHotelBookingExecution@3a44431a]" started-at="2023-02-24T20:33:19 IST" name="afterTest" finished-at="2023-02-24T20:33:19 IST" duration-ms="0" status="PASS">
          <reporter-output>
          </reporter-output>
        </test-method> <!-- afterTest -->
      </class> <!-- com.aiite.pageexecution.AdactinHotelBookingExecution -->
    </test> <!-- Smoke -->
  </suite> <!-- MySuite -->
</testng-results>
